[2023-12-01 21:09:18,386][flwr][INFO] - Starting Flower server, config: ServerConfig(num_rounds=3, round_timeout=None)
[2023-12-01 21:09:18,406][flwr][INFO] - Flower ECE: gRPC server running (3 rounds), SSL is disabled
[2023-12-01 21:09:18,406][flwr][INFO] - Initializing global parameters
[2023-12-01 21:09:18,406][flwr][INFO] - Requesting initial parameters from one random client
[2023-12-01 21:09:31,185][flwr][INFO] - Received initial parameters from one random client
[2023-12-01 21:09:31,185][flwr][INFO] - Evaluating initial parameters
[2023-12-01 21:09:33,778][flwr][INFO] - initial parameters (loss, other metrics): 182.0185902118683, {'accuracy': 0.0947}
[2023-12-01 21:09:33,778][flwr][INFO] - FL starting
[2023-12-01 21:09:33,778][flwr][DEBUG] - fit_round 1: strategy sampled 1 clients (out of 1)
[2023-12-01 21:10:31,961][flwr][DEBUG] - fit_round 1 received 1 results and 0 failures
[2023-12-01 21:10:31,961][flwr][WARNING] - No fit_metrics_aggregation_fn provided
[2023-12-01 21:10:37,419][flwr][INFO] - fit progress: (1, 105.81783998012543, {'accuracy': 0.5124}, 63.6356067)
[2023-12-01 21:10:37,419][flwr][INFO] - evaluate_round 1: no clients selected, cancel
[2023-12-01 21:10:37,419][flwr][DEBUG] - fit_round 2: strategy sampled 1 clients (out of 1)
[2023-12-01 21:11:38,743][flwr][DEBUG] - fit_round 2 received 1 results and 0 failures
[2023-12-01 21:11:44,626][flwr][INFO] - fit progress: (2, 73.37120527029037, {'accuracy': 0.6709}, 130.8456509)
[2023-12-01 21:11:44,626][flwr][INFO] - evaluate_round 2: no clients selected, cancel
[2023-12-01 21:11:44,626][flwr][DEBUG] - fit_round 3: strategy sampled 1 clients (out of 1)
[2023-12-01 21:12:41,145][flwr][DEBUG] - fit_round 3 received 1 results and 0 failures
[2023-12-01 21:12:45,002][flwr][INFO] - fit progress: (3, 62.38834789395332, {'accuracy': 0.7328}, 191.2224589)
[2023-12-01 21:12:45,002][flwr][INFO] - evaluate_round 3: no clients selected, cancel
[2023-12-01 21:12:45,002][flwr][INFO] - FL finished in 191.2232153
[2023-12-01 21:12:45,002][flwr][INFO] - app_fit: losses_distributed []
[2023-12-01 21:12:45,002][flwr][INFO] - app_fit: metrics_distributed_fit {}
[2023-12-01 21:12:45,002][flwr][INFO] - app_fit: metrics_distributed {}
[2023-12-01 21:12:45,002][flwr][INFO] - app_fit: losses_centralized [(0, 182.0185902118683), (1, 105.81783998012543), (2, 73.37120527029037), (3, 62.38834789395332)]
[2023-12-01 21:12:45,002][flwr][INFO] - app_fit: metrics_centralized {'accuracy': [(0, 0.0947), (1, 0.5124), (2, 0.6709), (3, 0.7328)]}
