[2023-12-02 23:41:09,801][flwr][INFO] - Starting Flower server, config: ServerConfig(num_rounds=3, round_timeout=None)
[2023-12-02 23:41:09,818][flwr][INFO] - Flower ECE: gRPC server running (3 rounds), SSL is disabled
[2023-12-02 23:41:09,820][flwr][INFO] - Initializing global parameters
[2023-12-02 23:41:09,824][flwr][INFO] - Requesting initial parameters from one random client
[2023-12-02 23:41:31,988][flwr][INFO] - Received initial parameters from one random client
[2023-12-02 23:41:31,992][flwr][INFO] - Evaluating initial parameters
[2023-12-02 23:41:38,758][flwr][INFO] - initial parameters (loss, other metrics): 182.14154863357544, {'accuracy': 0.1}
[2023-12-02 23:41:38,765][flwr][INFO] - FL starting
[2023-12-02 23:41:38,767][flwr][DEBUG] - fit_round 1: strategy sampled 1 clients (out of 1)
[2023-12-02 23:42:52,341][flwr][DEBUG] - fit_round 1 received 1 results and 0 failures
[2023-12-02 23:42:52,349][flwr][WARNING] - No fit_metrics_aggregation_fn provided
[2023-12-02 23:42:55,897][flwr][INFO] - fit progress: (1, 101.02808499336243, {'accuracy': 0.5271}, 77.1430326)
[2023-12-02 23:42:55,911][flwr][INFO] - evaluate_round 1: no clients selected, cancel
[2023-12-02 23:42:55,915][flwr][DEBUG] - fit_round 2: strategy sampled 1 clients (out of 1)
[2023-12-02 23:44:09,646][flwr][DEBUG] - fit_round 2 received 1 results and 0 failures
[2023-12-02 23:44:13,218][flwr][INFO] - fit progress: (2, 72.50320672988892, {'accuracy': 0.6795}, 154.4617576)
[2023-12-02 23:44:13,230][flwr][INFO] - evaluate_round 2: no clients selected, cancel
[2023-12-02 23:44:13,234][flwr][DEBUG] - fit_round 3: strategy sampled 1 clients (out of 1)
[2023-12-02 23:45:27,039][flwr][DEBUG] - fit_round 3 received 1 results and 0 failures
[2023-12-02 23:45:30,650][flwr][INFO] - fit progress: (3, 54.19072064757347, {'accuracy': 0.7783}, 231.8840877)
[2023-12-02 23:45:30,652][flwr][INFO] - evaluate_round 3: no clients selected, cancel
[2023-12-02 23:45:30,656][flwr][INFO] - FL finished in 231.88982399999998
[2023-12-02 23:45:30,657][flwr][INFO] - app_fit: losses_distributed []
[2023-12-02 23:45:30,659][flwr][INFO] - app_fit: metrics_distributed_fit {}
[2023-12-02 23:45:30,660][flwr][INFO] - app_fit: metrics_distributed {}
[2023-12-02 23:45:30,662][flwr][INFO] - app_fit: losses_centralized [(0, 182.14154863357544), (1, 101.02808499336243), (2, 72.50320672988892), (3, 54.19072064757347)]
[2023-12-02 23:45:30,663][flwr][INFO] - app_fit: metrics_centralized {'accuracy': [(0, 0.1), (1, 0.5271), (2, 0.6795), (3, 0.7783)]}
