[2023-12-01 21:02:14,059][flwr][INFO] - Starting Flower server, config: ServerConfig(num_rounds=3, round_timeout=None)
[2023-12-01 21:02:14,074][flwr][INFO] - Flower ECE: gRPC server running (3 rounds), SSL is disabled
[2023-12-01 21:02:14,074][flwr][INFO] - Initializing global parameters
[2023-12-01 21:02:14,090][flwr][INFO] - Requesting initial parameters from one random client
[2023-12-01 21:02:43,926][flwr][INFO] - Received initial parameters from one random client
[2023-12-01 21:02:43,926][flwr][INFO] - Evaluating initial parameters
[2023-12-01 21:02:46,629][flwr][INFO] - initial parameters (loss, other metrics): 182.11099290847778, {'accuracy': 0.0898}
[2023-12-01 21:02:46,629][flwr][INFO] - FL starting
[2023-12-01 21:02:46,629][flwr][DEBUG] - fit_round 1: strategy sampled 1 clients (out of 1)
[2023-12-01 21:03:28,221][flwr][DEBUG] - fit_round 1 received 1 results and 0 failures
[2023-12-01 21:03:28,221][flwr][WARNING] - No fit_metrics_aggregation_fn provided
[2023-12-01 21:03:31,625][flwr][INFO] - fit progress: (1, 97.18944203853607, {'accuracy': 0.5551}, 44.983878499999996)
[2023-12-01 21:03:31,625][flwr][INFO] - evaluate_round 1: no clients selected, cancel
[2023-12-01 21:03:31,625][flwr][DEBUG] - fit_round 2: strategy sampled 1 clients (out of 1)
[2023-12-01 21:04:20,815][flwr][DEBUG] - fit_round 2 received 1 results and 0 failures
[2023-12-01 21:04:23,616][flwr][INFO] - fit progress: (2, 70.94492959976196, {'accuracy': 0.6817}, 96.9842562)
[2023-12-01 21:04:23,616][flwr][INFO] - evaluate_round 2: no clients selected, cancel
[2023-12-01 21:04:23,616][flwr][DEBUG] - fit_round 3: strategy sampled 1 clients (out of 1)
[2023-12-01 21:05:05,484][flwr][DEBUG] - fit_round 3 received 1 results and 0 failures
[2023-12-01 21:05:07,771][flwr][INFO] - fit progress: (3, 58.17441049218178, {'accuracy': 0.7578}, 141.130486)
[2023-12-01 21:05:07,771][flwr][INFO] - evaluate_round 3: no clients selected, cancel
[2023-12-01 21:05:07,771][flwr][INFO] - FL finished in 141.1310701
[2023-12-01 21:05:07,771][flwr][INFO] - app_fit: losses_distributed []
[2023-12-01 21:05:07,775][flwr][INFO] - app_fit: metrics_distributed_fit {}
[2023-12-01 21:05:07,775][flwr][INFO] - app_fit: metrics_distributed {}
[2023-12-01 21:05:07,775][flwr][INFO] - app_fit: losses_centralized [(0, 182.11099290847778), (1, 97.18944203853607), (2, 70.94492959976196), (3, 58.17441049218178)]
[2023-12-01 21:05:07,775][flwr][INFO] - app_fit: metrics_centralized {'accuracy': [(0, 0.0898), (1, 0.5551), (2, 0.6817), (3, 0.7578)]}
